2021-11-08T18:16:35+00:00 CRITICAL syntax error, unexpected end of file, em C:\xampp\htdocs\prs\wp-content\themes\engitech\inc\backend\elementor-widgets\post-carousel.php, na linha 413

2021-11-08T18:17:41+00:00 CRITICAL Uncaught Error: Class 'Elementor\WP_Query' not found in C:\xampp\htdocs\prs\wp-content\themes\engitech\inc\backend\elementor-widgets\post-carousel.php:386
Stack trace:
#0 C:\xampp\htdocs\prs\wp-content\plugins\elementor\includes\base\controls-stack.php(1892): Elementor\Engitech_Post_Carousel->render()
#1 C:\xampp\htdocs\prs\wp-content\plugins\elementor\includes\base\widget-base.php(549): Elementor\Controls_Stack->render_by_mode()
#2 C:\xampp\htdocs\prs\wp-content\plugins\elementor\includes\base\widget-base.php(679): Elementor\Widget_Base->render_content()
#3 C:\xampp\htdocs\prs\wp-content\plugins\elementor\includes\base\element-base.php(650): Elementor\Widget_Base->print_content()
#4 C:\xampp\htdocs\prs\wp-content\plugins\elementor\includes\base\element-base.php(911): Elementor\Element_Base->print_element()
#5 C:\xampp\htdocs\prs\wp-content\plugins\elementor\includes\base\element-base.php(650): Elementor\Element_Base->print_content()
#6 C:\xampp\htdocs\prs\wp-content\plugins\elementor\includes\base\element-ba, em C:\xampp\htdocs\prs\wp-content\themes\engitech\inc\backend\elementor-widgets\post-carousel.php, na linha 386

2021-11-08T18:17:45+00:00 CRITICAL Uncaught Error: Class 'Elementor\WP_Query' not found in C:\xampp\htdocs\prs\wp-content\themes\engitech\inc\backend\elementor-widgets\post-carousel.php:386
Stack trace:
#0 C:\xampp\htdocs\prs\wp-content\plugins\elementor\includes\base\controls-stack.php(1892): Elementor\Engitech_Post_Carousel->render()
#1 C:\xampp\htdocs\prs\wp-content\plugins\elementor\includes\base\widget-base.php(549): Elementor\Controls_Stack->render_by_mode()
#2 C:\xampp\htdocs\prs\wp-content\plugins\elementor\includes\base\widget-base.php(679): Elementor\Widget_Base->render_content()
#3 C:\xampp\htdocs\prs\wp-content\plugins\elementor\includes\base\element-base.php(650): Elementor\Widget_Base->print_content()
#4 C:\xampp\htdocs\prs\wp-content\plugins\elementor\includes\base\element-base.php(911): Elementor\Element_Base->print_element()
#5 C:\xampp\htdocs\prs\wp-content\plugins\elementor\includes\base\element-base.php(650): Elementor\Element_Base->print_content()
#6 C:\xampp\htdocs\prs\wp-content\plugins\elementor\includes\base\element-ba, em C:\xampp\htdocs\prs\wp-content\themes\engitech\inc\backend\elementor-widgets\post-carousel.php, na linha 386

2021-11-08T18:18:15+00:00 CRITICAL syntax error, unexpected end of file, em C:\xampp\htdocs\prs\wp-content\themes\engitech\inc\backend\elementor-widgets\post-carousel.php, na linha 417

2021-11-08T18:28:02+00:00 CRITICAL syntax error, unexpected 'endwhile' (T_ENDWHILE), em C:\xampp\htdocs\prs\wp-content\themes\engitech\inc\backend\elementor-widgets\post-carousel.php, na linha 424

2021-11-08T18:28:23+00:00 CRITICAL syntax error, unexpected 'endwhile' (T_ENDWHILE), em C:\xampp\htdocs\prs\wp-content\themes\engitech\inc\backend\elementor-widgets\post-carousel.php, na linha 396

2021-11-08T18:28:49+00:00 CRITICAL syntax error, unexpected end of file, em C:\xampp\htdocs\prs\wp-content\themes\engitech\inc\backend\elementor-widgets\post-carousel.php, na linha 455

2021-11-08T18:37:39+00:00 CRITICAL Cannot declare class Elementor\Engitech_Post_Carousel, because the name is already in use, em C:\xampp\htdocs\prs\wp-content\themes\engitech\inc\backend\elementor-widgets\post-type-carousel.php, na linha 8

2021-11-08T18:58:59+00:00 CRITICAL Cannot declare class Elementor\Engitech_Post_Carousel, because the name is already in use, em C:\xampp\htdocs\prs\wp-content\themes\engitech\inc\backend\elementor-widgets\post-type-carousel.php, na linha 8

